2014-07-21 14:09:16 Notice: Notice (8): Undefined variable: reference_hours in [/var/www/sites/hours.library.ualberta.ca/docroot/hours_admin/app/views/layouts/default.ctp, line 66]
2014-07-21 14:09:16 Notice: Notice (8): Undefined variable: reference_hours in [/var/www/sites/hours.library.ualberta.ca/docroot/hours_admin/app/views/layouts/default.ctp, line 66]
2014-07-21 14:10:43 Notice: Notice (8): Undefined variable: hourdays in [/var/www/sites/hours.library.ualberta.ca/docroot/hours_admin/app/controllers/hour_groupings_controller.php, line 232]
2014-07-21 14:10:43 Notice: Notice (8): Undefined variable: hourdays in [/var/www/sites/hours.library.ualberta.ca/docroot/hours_admin/app/controllers/hour_groupings_controller.php, line 247]
2014-07-21 14:10:43 Notice: Notice (8): Undefined variable: hourdays in [/var/www/sites/hours.library.ualberta.ca/docroot/hours_admin/app/controllers/hour_groupings_controller.php, line 232]
2014-07-21 14:10:43 Notice: Notice (8): Undefined variable: hourdays in [/var/www/sites/hours.library.ualberta.ca/docroot/hours_admin/app/controllers/hour_groupings_controller.php, line 247]
2014-07-21 14:10:43 Notice: Notice (8): Undefined index: HourLocation in [/var/www/sites/hours.library.ualberta.ca/docroot/hours_admin/app/views/hour_groupings/edit.ctp, line 7]
2014-07-21 14:10:43 Notice: Notice (8): Undefined index: HourCategory in [/var/www/sites/hours.library.ualberta.ca/docroot/hours_admin/app/views/hour_groupings/edit.ctp, line 7]
2014-07-21 14:10:43 Notice: Notice (8): Undefined index: HourLocation in [/var/www/sites/hours.library.ualberta.ca/docroot/hours_admin/app/views/hour_groupings/edit.ctp, line 7]
2014-07-21 14:10:43 Notice: Notice (8): Undefined index: HourType in [/var/www/sites/hours.library.ualberta.ca/docroot/hours_admin/app/views/hour_groupings/edit.ctp, line 7]
2014-07-21 14:10:43 Notice: Notice (8): Undefined index: HourCategory in [/var/www/sites/hours.library.ualberta.ca/docroot/hours_admin/app/views/hour_groupings/edit.ctp, line 7]
2014-07-21 14:10:43 Notice: Notice (8): Undefined index: HourType in [/var/www/sites/hours.library.ualberta.ca/docroot/hours_admin/app/views/hour_groupings/edit.ctp, line 7]
2014-07-21 14:10:43 Notice: Notice (8): Undefined index: HourGrouping in [/var/www/sites/hours.library.ualberta.ca/docroot/hours_admin/app/views/hour_groupings/edit.ctp, line 16]
2014-07-21 14:10:43 Notice: Notice (8): Undefined index: HourDateRange in [/var/www/sites/hours.library.ualberta.ca/docroot/hours_admin/app/views/hour_groupings/edit.ctp, line 16]
2014-07-21 14:10:43 Notice: Notice (8): Undefined index: HourGrouping in [/var/www/sites/hours.library.ualberta.ca/docroot/hours_admin/app/views/hour_groupings/edit.ctp, line 16]
2014-07-21 14:10:43 Notice: Notice (8): Undefined index: HourLocation in [/var/www/sites/hours.library.ualberta.ca/docroot/hours_admin/app/views/hour_groupings/edit.ctp, line 16]
2014-07-21 14:10:43 Notice: Notice (8): Undefined index: HourDateRange in [/var/www/sites/hours.library.ualberta.ca/docroot/hours_admin/app/views/hour_groupings/edit.ctp, line 16]
2014-07-21 14:10:43 Notice: Notice (8): Undefined index: HourLocation in [/var/www/sites/hours.library.ualberta.ca/docroot/hours_admin/app/views/hour_groupings/edit.ctp, line 16]
2014-07-21 14:10:43 Notice: Notice (8): Undefined index: HourGrouping in [/var/www/sites/hours.library.ualberta.ca/docroot/hours_admin/app/views/hour_groupings/edit.ctp, line 31]
2014-07-21 14:10:43 Notice: Notice (8): Undefined index: HourGrouping in [/var/www/sites/hours.library.ualberta.ca/docroot/hours_admin/app/views/hour_groupings/edit.ctp, line 31]
2014-07-21 14:10:43 Notice: Notice (8): Undefined index: HourGrouping in [/var/www/sites/hours.library.ualberta.ca/docroot/hours_admin/app/views/hour_groupings/edit.ctp, line 35]
2014-07-21 14:10:43 Notice: Notice (8): Undefined index: HourGrouping in [/var/www/sites/hours.library.ualberta.ca/docroot/hours_admin/app/views/hour_groupings/edit.ctp, line 35]
2014-07-21 14:10:43 Notice: Notice (8): Undefined index: HourGrouping in [/var/www/sites/hours.library.ualberta.ca/docroot/hours_admin/app/views/hour_groupings/edit.ctp, line 39]
2014-07-21 14:10:43 Notice: Notice (8): Undefined index: HourGrouping in [/var/www/sites/hours.library.ualberta.ca/docroot/hours_admin/app/views/hour_groupings/edit.ctp, line 41]
2014-07-21 14:10:43 Notice: Notice (8): Undefined index: HourGrouping in [/var/www/sites/hours.library.ualberta.ca/docroot/hours_admin/app/views/hour_groupings/edit.ctp, line 39]
2014-07-21 14:10:43 Notice: Notice (8): Undefined index: HourGrouping in [/var/www/sites/hours.library.ualberta.ca/docroot/hours_admin/app/views/hour_groupings/edit.ctp, line 42]
2014-07-21 14:10:43 Notice: Notice (8): Undefined index: HourGrouping in [/var/www/sites/hours.library.ualberta.ca/docroot/hours_admin/app/views/hour_groupings/edit.ctp, line 41]
2014-07-21 14:10:43 Notice: Notice (8): Undefined index: HourDateRange in [/var/www/sites/hours.library.ualberta.ca/docroot/hours_admin/app/views/hour_groupings/edit.ctp, line 44]
2014-07-21 14:10:43 Notice: Notice (8): Undefined index: HourGrouping in [/var/www/sites/hours.library.ualberta.ca/docroot/hours_admin/app/views/hour_groupings/edit.ctp, line 42]
2014-07-21 14:10:43 Notice: Notice (8): Undefined index: HourCategory in [/var/www/sites/hours.library.ualberta.ca/docroot/hours_admin/app/views/hour_groupings/edit.ctp, line 45]
2014-07-21 14:10:43 Notice: Notice (8): Undefined index: HourDateRange in [/var/www/sites/hours.library.ualberta.ca/docroot/hours_admin/app/views/hour_groupings/edit.ctp, line 44]
2014-07-21 14:10:43 Notice: Notice (8): Undefined index: HourCategory in [/var/www/sites/hours.library.ualberta.ca/docroot/hours_admin/app/views/hour_groupings/edit.ctp, line 45]
2014-07-21 14:12:39 Notice: Notice (8): Undefined variable: hourdays in [/var/www/sites/hours.library.ualberta.ca/docroot/hours_admin/app/controllers/hour_groupings_controller.php, line 232]
2014-07-21 14:12:39 Notice: Notice (8): Undefined variable: hourdays in [/var/www/sites/hours.library.ualberta.ca/docroot/hours_admin/app/controllers/hour_groupings_controller.php, line 247]
2014-07-21 14:12:39 Notice: Notice (8): Undefined index: HourLocation in [/var/www/sites/hours.library.ualberta.ca/docroot/hours_admin/app/views/hour_groupings/edit.ctp, line 7]
2014-07-21 14:12:39 Notice: Notice (8): Undefined index: HourCategory in [/var/www/sites/hours.library.ualberta.ca/docroot/hours_admin/app/views/hour_groupings/edit.ctp, line 7]
2014-07-21 14:12:39 Notice: Notice (8): Undefined index: HourType in [/var/www/sites/hours.library.ualberta.ca/docroot/hours_admin/app/views/hour_groupings/edit.ctp, line 7]
2014-07-21 14:12:39 Notice: Notice (8): Undefined index: HourGrouping in [/var/www/sites/hours.library.ualberta.ca/docroot/hours_admin/app/views/hour_groupings/edit.ctp, line 16]
2014-07-21 14:12:39 Notice: Notice (8): Undefined index: HourDateRange in [/var/www/sites/hours.library.ualberta.ca/docroot/hours_admin/app/views/hour_groupings/edit.ctp, line 16]
2014-07-21 14:12:39 Notice: Notice (8): Undefined index: HourLocation in [/var/www/sites/hours.library.ualberta.ca/docroot/hours_admin/app/views/hour_groupings/edit.ctp, line 16]
2014-07-21 14:12:39 Notice: Notice (8): Undefined index: HourGrouping in [/var/www/sites/hours.library.ualberta.ca/docroot/hours_admin/app/views/hour_groupings/edit.ctp, line 31]
2014-07-21 14:12:39 Notice: Notice (8): Undefined index: HourGrouping in [/var/www/sites/hours.library.ualberta.ca/docroot/hours_admin/app/views/hour_groupings/edit.ctp, line 35]
2014-07-21 14:12:39 Notice: Notice (8): Undefined index: HourGrouping in [/var/www/sites/hours.library.ualberta.ca/docroot/hours_admin/app/views/hour_groupings/edit.ctp, line 39]
2014-07-21 14:12:39 Notice: Notice (8): Undefined index: HourGrouping in [/var/www/sites/hours.library.ualberta.ca/docroot/hours_admin/app/views/hour_groupings/edit.ctp, line 41]
2014-07-21 14:12:39 Notice: Notice (8): Undefined index: HourGrouping in [/var/www/sites/hours.library.ualberta.ca/docroot/hours_admin/app/views/hour_groupings/edit.ctp, line 42]
2014-07-21 14:12:39 Notice: Notice (8): Undefined index: HourDateRange in [/var/www/sites/hours.library.ualberta.ca/docroot/hours_admin/app/views/hour_groupings/edit.ctp, line 44]
2014-07-21 14:12:39 Notice: Notice (8): Undefined index: HourCategory in [/var/www/sites/hours.library.ualberta.ca/docroot/hours_admin/app/views/hour_groupings/edit.ctp, line 45]
2014-07-21 14:12:39 Notice: Notice (8): Undefined variable: hourdays in [/var/www/sites/hours.library.ualberta.ca/docroot/hours_admin/app/controllers/hour_groupings_controller.php, line 232]
2014-07-21 14:12:39 Notice: Notice (8): Undefined variable: hourdays in [/var/www/sites/hours.library.ualberta.ca/docroot/hours_admin/app/controllers/hour_groupings_controller.php, line 247]
2014-07-21 14:12:39 Notice: Notice (8): Undefined index: HourLocation in [/var/www/sites/hours.library.ualberta.ca/docroot/hours_admin/app/views/hour_groupings/edit.ctp, line 7]
2014-07-21 14:12:39 Notice: Notice (8): Undefined index: HourCategory in [/var/www/sites/hours.library.ualberta.ca/docroot/hours_admin/app/views/hour_groupings/edit.ctp, line 7]
2014-07-21 14:12:39 Notice: Notice (8): Undefined index: HourType in [/var/www/sites/hours.library.ualberta.ca/docroot/hours_admin/app/views/hour_groupings/edit.ctp, line 7]
2014-07-21 14:12:39 Notice: Notice (8): Undefined index: HourGrouping in [/var/www/sites/hours.library.ualberta.ca/docroot/hours_admin/app/views/hour_groupings/edit.ctp, line 16]
2014-07-21 14:12:39 Notice: Notice (8): Undefined index: HourDateRange in [/var/www/sites/hours.library.ualberta.ca/docroot/hours_admin/app/views/hour_groupings/edit.ctp, line 16]
2014-07-21 14:12:39 Notice: Notice (8): Undefined index: HourLocation in [/var/www/sites/hours.library.ualberta.ca/docroot/hours_admin/app/views/hour_groupings/edit.ctp, line 16]
2014-07-21 14:12:39 Notice: Notice (8): Undefined index: HourGrouping in [/var/www/sites/hours.library.ualberta.ca/docroot/hours_admin/app/views/hour_groupings/edit.ctp, line 31]
2014-07-21 14:12:39 Notice: Notice (8): Undefined index: HourGrouping in [/var/www/sites/hours.library.ualberta.ca/docroot/hours_admin/app/views/hour_groupings/edit.ctp, line 35]
2014-07-21 14:12:39 Notice: Notice (8): Undefined index: HourGrouping in [/var/www/sites/hours.library.ualberta.ca/docroot/hours_admin/app/views/hour_groupings/edit.ctp, line 39]
2014-07-21 14:12:39 Notice: Notice (8): Undefined index: HourGrouping in [/var/www/sites/hours.library.ualberta.ca/docroot/hours_admin/app/views/hour_groupings/edit.ctp, line 41]
2014-07-21 14:12:39 Notice: Notice (8): Undefined index: HourGrouping in [/var/www/sites/hours.library.ualberta.ca/docroot/hours_admin/app/views/hour_groupings/edit.ctp, line 42]
2014-07-21 14:12:39 Notice: Notice (8): Undefined index: HourDateRange in [/var/www/sites/hours.library.ualberta.ca/docroot/hours_admin/app/views/hour_groupings/edit.ctp, line 44]
2014-07-21 14:12:39 Notice: Notice (8): Undefined index: HourCategory in [/var/www/sites/hours.library.ualberta.ca/docroot/hours_admin/app/views/hour_groupings/edit.ctp, line 45]
2014-07-21 14:13:11 Notice: Notice (8): Undefined variable: hourdays in [/var/www/sites/hours.library.ualberta.ca/docroot/hours_admin/app/controllers/hour_groupings_controller.php, line 232]
2014-07-21 14:13:11 Notice: Notice (8): Undefined variable: hourdays in [/var/www/sites/hours.library.ualberta.ca/docroot/hours_admin/app/controllers/hour_groupings_controller.php, line 247]
2014-07-21 14:13:11 Notice: Notice (8): Undefined index: HourLocation in [/var/www/sites/hours.library.ualberta.ca/docroot/hours_admin/app/views/hour_groupings/edit.ctp, line 7]
2014-07-21 14:13:11 Notice: Notice (8): Undefined index: HourCategory in [/var/www/sites/hours.library.ualberta.ca/docroot/hours_admin/app/views/hour_groupings/edit.ctp, line 7]
2014-07-21 14:13:11 Notice: Notice (8): Undefined index: HourType in [/var/www/sites/hours.library.ualberta.ca/docroot/hours_admin/app/views/hour_groupings/edit.ctp, line 7]
2014-07-21 14:13:11 Notice: Notice (8): Undefined index: HourGrouping in [/var/www/sites/hours.library.ualberta.ca/docroot/hours_admin/app/views/hour_groupings/edit.ctp, line 16]
2014-07-21 14:13:11 Notice: Notice (8): Undefined index: HourDateRange in [/var/www/sites/hours.library.ualberta.ca/docroot/hours_admin/app/views/hour_groupings/edit.ctp, line 16]
2014-07-21 14:13:11 Notice: Notice (8): Undefined index: HourLocation in [/var/www/sites/hours.library.ualberta.ca/docroot/hours_admin/app/views/hour_groupings/edit.ctp, line 16]
2014-07-21 14:13:11 Notice: Notice (8): Undefined index: HourGrouping in [/var/www/sites/hours.library.ualberta.ca/docroot/hours_admin/app/views/hour_groupings/edit.ctp, line 31]
2014-07-21 14:13:11 Notice: Notice (8): Undefined index: HourGrouping in [/var/www/sites/hours.library.ualberta.ca/docroot/hours_admin/app/views/hour_groupings/edit.ctp, line 35]
2014-07-21 14:13:11 Notice: Notice (8): Undefined index: HourGrouping in [/var/www/sites/hours.library.ualberta.ca/docroot/hours_admin/app/views/hour_groupings/edit.ctp, line 39]
2014-07-21 14:13:11 Notice: Notice (8): Undefined index: HourGrouping in [/var/www/sites/hours.library.ualberta.ca/docroot/hours_admin/app/views/hour_groupings/edit.ctp, line 41]
2014-07-21 14:13:11 Notice: Notice (8): Undefined index: HourGrouping in [/var/www/sites/hours.library.ualberta.ca/docroot/hours_admin/app/views/hour_groupings/edit.ctp, line 42]
2014-07-21 14:13:11 Notice: Notice (8): Undefined index: HourDateRange in [/var/www/sites/hours.library.ualberta.ca/docroot/hours_admin/app/views/hour_groupings/edit.ctp, line 44]
2014-07-21 14:13:11 Notice: Notice (8): Undefined index: HourCategory in [/var/www/sites/hours.library.ualberta.ca/docroot/hours_admin/app/views/hour_groupings/edit.ctp, line 45]
2014-07-21 14:13:11 Notice: Notice (8): Undefined variable: hourdays in [/var/www/sites/hours.library.ualberta.ca/docroot/hours_admin/app/controllers/hour_groupings_controller.php, line 232]
2014-07-21 14:13:11 Notice: Notice (8): Undefined variable: hourdays in [/var/www/sites/hours.library.ualberta.ca/docroot/hours_admin/app/controllers/hour_groupings_controller.php, line 247]
2014-07-21 14:13:11 Notice: Notice (8): Undefined index: HourLocation in [/var/www/sites/hours.library.ualberta.ca/docroot/hours_admin/app/views/hour_groupings/edit.ctp, line 7]
2014-07-21 14:13:11 Notice: Notice (8): Undefined index: HourCategory in [/var/www/sites/hours.library.ualberta.ca/docroot/hours_admin/app/views/hour_groupings/edit.ctp, line 7]
2014-07-21 14:13:11 Notice: Notice (8): Undefined index: HourType in [/var/www/sites/hours.library.ualberta.ca/docroot/hours_admin/app/views/hour_groupings/edit.ctp, line 7]
2014-07-21 14:13:11 Notice: Notice (8): Undefined index: HourGrouping in [/var/www/sites/hours.library.ualberta.ca/docroot/hours_admin/app/views/hour_groupings/edit.ctp, line 16]
2014-07-21 14:13:11 Notice: Notice (8): Undefined index: HourDateRange in [/var/www/sites/hours.library.ualberta.ca/docroot/hours_admin/app/views/hour_groupings/edit.ctp, line 16]
2014-07-21 14:13:11 Notice: Notice (8): Undefined index: HourLocation in [/var/www/sites/hours.library.ualberta.ca/docroot/hours_admin/app/views/hour_groupings/edit.ctp, line 16]
2014-07-21 14:13:11 Notice: Notice (8): Undefined index: HourGrouping in [/var/www/sites/hours.library.ualberta.ca/docroot/hours_admin/app/views/hour_groupings/edit.ctp, line 31]
2014-07-21 14:13:11 Notice: Notice (8): Undefined index: HourGrouping in [/var/www/sites/hours.library.ualberta.ca/docroot/hours_admin/app/views/hour_groupings/edit.ctp, line 35]
2014-07-21 14:13:11 Notice: Notice (8): Undefined index: HourGrouping in [/var/www/sites/hours.library.ualberta.ca/docroot/hours_admin/app/views/hour_groupings/edit.ctp, line 39]
2014-07-21 14:13:11 Notice: Notice (8): Undefined index: HourGrouping in [/var/www/sites/hours.library.ualberta.ca/docroot/hours_admin/app/views/hour_groupings/edit.ctp, line 41]
2014-07-21 14:13:11 Notice: Notice (8): Undefined index: HourGrouping in [/var/www/sites/hours.library.ualberta.ca/docroot/hours_admin/app/views/hour_groupings/edit.ctp, line 42]
2014-07-21 14:13:11 Notice: Notice (8): Undefined index: HourDateRange in [/var/www/sites/hours.library.ualberta.ca/docroot/hours_admin/app/views/hour_groupings/edit.ctp, line 44]
2014-07-21 14:13:11 Notice: Notice (8): Undefined index: HourCategory in [/var/www/sites/hours.library.ualberta.ca/docroot/hours_admin/app/views/hour_groupings/edit.ctp, line 45]
2014-07-21 14:13:16 Notice: Notice (8): Undefined variable: hourdays in [/var/www/sites/hours.library.ualberta.ca/docroot/hours_admin/app/controllers/hour_groupings_controller.php, line 232]
2014-07-21 14:13:16 Notice: Notice (8): Undefined variable: hourdays in [/var/www/sites/hours.library.ualberta.ca/docroot/hours_admin/app/controllers/hour_groupings_controller.php, line 247]
2014-07-21 14:13:16 Notice: Notice (8): Undefined index: HourLocation in [/var/www/sites/hours.library.ualberta.ca/docroot/hours_admin/app/views/hour_groupings/edit.ctp, line 7]
2014-07-21 14:13:16 Notice: Notice (8): Undefined index: HourCategory in [/var/www/sites/hours.library.ualberta.ca/docroot/hours_admin/app/views/hour_groupings/edit.ctp, line 7]
2014-07-21 14:13:16 Notice: Notice (8): Undefined index: HourType in [/var/www/sites/hours.library.ualberta.ca/docroot/hours_admin/app/views/hour_groupings/edit.ctp, line 7]
2014-07-21 14:13:16 Notice: Notice (8): Undefined index: HourGrouping in [/var/www/sites/hours.library.ualberta.ca/docroot/hours_admin/app/views/hour_groupings/edit.ctp, line 16]
2014-07-21 14:13:16 Notice: Notice (8): Undefined index: HourDateRange in [/var/www/sites/hours.library.ualberta.ca/docroot/hours_admin/app/views/hour_groupings/edit.ctp, line 16]
2014-07-21 14:13:16 Notice: Notice (8): Undefined index: HourLocation in [/var/www/sites/hours.library.ualberta.ca/docroot/hours_admin/app/views/hour_groupings/edit.ctp, line 16]
2014-07-21 14:13:16 Notice: Notice (8): Undefined index: HourGrouping in [/var/www/sites/hours.library.ualberta.ca/docroot/hours_admin/app/views/hour_groupings/edit.ctp, line 31]
2014-07-21 14:13:16 Notice: Notice (8): Undefined index: HourGrouping in [/var/www/sites/hours.library.ualberta.ca/docroot/hours_admin/app/views/hour_groupings/edit.ctp, line 35]
2014-07-21 14:13:16 Notice: Notice (8): Undefined index: HourGrouping in [/var/www/sites/hours.library.ualberta.ca/docroot/hours_admin/app/views/hour_groupings/edit.ctp, line 39]
2014-07-21 14:13:16 Notice: Notice (8): Undefined index: HourGrouping in [/var/www/sites/hours.library.ualberta.ca/docroot/hours_admin/app/views/hour_groupings/edit.ctp, line 41]
2014-07-21 14:13:16 Notice: Notice (8): Undefined index: HourGrouping in [/var/www/sites/hours.library.ualberta.ca/docroot/hours_admin/app/views/hour_groupings/edit.ctp, line 42]
2014-07-21 14:13:16 Notice: Notice (8): Undefined index: HourDateRange in [/var/www/sites/hours.library.ualberta.ca/docroot/hours_admin/app/views/hour_groupings/edit.ctp, line 44]
2014-07-21 14:13:16 Notice: Notice (8): Undefined index: HourCategory in [/var/www/sites/hours.library.ualberta.ca/docroot/hours_admin/app/views/hour_groupings/edit.ctp, line 45]
2014-07-21 14:13:16 Notice: Notice (8): Undefined variable: hourdays in [/var/www/sites/hours.library.ualberta.ca/docroot/hours_admin/app/controllers/hour_groupings_controller.php, line 232]
2014-07-21 14:13:16 Notice: Notice (8): Undefined variable: hourdays in [/var/www/sites/hours.library.ualberta.ca/docroot/hours_admin/app/controllers/hour_groupings_controller.php, line 247]
2014-07-21 14:13:16 Notice: Notice (8): Undefined index: HourLocation in [/var/www/sites/hours.library.ualberta.ca/docroot/hours_admin/app/views/hour_groupings/edit.ctp, line 7]
2014-07-21 14:13:16 Notice: Notice (8): Undefined index: HourCategory in [/var/www/sites/hours.library.ualberta.ca/docroot/hours_admin/app/views/hour_groupings/edit.ctp, line 7]
2014-07-21 14:13:16 Notice: Notice (8): Undefined index: HourType in [/var/www/sites/hours.library.ualberta.ca/docroot/hours_admin/app/views/hour_groupings/edit.ctp, line 7]
2014-07-21 14:13:16 Notice: Notice (8): Undefined index: HourGrouping in [/var/www/sites/hours.library.ualberta.ca/docroot/hours_admin/app/views/hour_groupings/edit.ctp, line 16]
2014-07-21 14:13:16 Notice: Notice (8): Undefined index: HourDateRange in [/var/www/sites/hours.library.ualberta.ca/docroot/hours_admin/app/views/hour_groupings/edit.ctp, line 16]
2014-07-21 14:13:16 Notice: Notice (8): Undefined index: HourLocation in [/var/www/sites/hours.library.ualberta.ca/docroot/hours_admin/app/views/hour_groupings/edit.ctp, line 16]
2014-07-21 14:13:16 Notice: Notice (8): Undefined index: HourGrouping in [/var/www/sites/hours.library.ualberta.ca/docroot/hours_admin/app/views/hour_groupings/edit.ctp, line 31]
2014-07-21 14:13:16 Notice: Notice (8): Undefined index: HourGrouping in [/var/www/sites/hours.library.ualberta.ca/docroot/hours_admin/app/views/hour_groupings/edit.ctp, line 35]
2014-07-21 14:13:16 Notice: Notice (8): Undefined index: HourGrouping in [/var/www/sites/hours.library.ualberta.ca/docroot/hours_admin/app/views/hour_groupings/edit.ctp, line 39]
2014-07-21 14:13:16 Notice: Notice (8): Undefined index: HourGrouping in [/var/www/sites/hours.library.ualberta.ca/docroot/hours_admin/app/views/hour_groupings/edit.ctp, line 41]
2014-07-21 14:13:16 Notice: Notice (8): Undefined index: HourGrouping in [/var/www/sites/hours.library.ualberta.ca/docroot/hours_admin/app/views/hour_groupings/edit.ctp, line 42]
2014-07-21 14:13:16 Notice: Notice (8): Undefined index: HourDateRange in [/var/www/sites/hours.library.ualberta.ca/docroot/hours_admin/app/views/hour_groupings/edit.ctp, line 44]
2014-07-21 14:13:16 Notice: Notice (8): Undefined index: HourCategory in [/var/www/sites/hours.library.ualberta.ca/docroot/hours_admin/app/views/hour_groupings/edit.ctp, line 45]
2014-07-21 14:13:20 Notice: Notice (8): Undefined variable: hourdays in [/var/www/sites/hours.library.ualberta.ca/docroot/hours_admin/app/controllers/hour_groupings_controller.php, line 232]
2014-07-21 14:13:20 Notice: Notice (8): Undefined variable: hourdays in [/var/www/sites/hours.library.ualberta.ca/docroot/hours_admin/app/controllers/hour_groupings_controller.php, line 232]
2014-07-21 14:13:20 Notice: Notice (8): Undefined variable: hourdays in [/var/www/sites/hours.library.ualberta.ca/docroot/hours_admin/app/controllers/hour_groupings_controller.php, line 247]
2014-07-21 14:13:20 Notice: Notice (8): Undefined variable: hourdays in [/var/www/sites/hours.library.ualberta.ca/docroot/hours_admin/app/controllers/hour_groupings_controller.php, line 247]
2014-07-21 14:13:20 Notice: Notice (8): Undefined index: HourLocation in [/var/www/sites/hours.library.ualberta.ca/docroot/hours_admin/app/views/hour_groupings/edit.ctp, line 7]
2014-07-21 14:13:20 Notice: Notice (8): Undefined index: HourLocation in [/var/www/sites/hours.library.ualberta.ca/docroot/hours_admin/app/views/hour_groupings/edit.ctp, line 7]
2014-07-21 14:13:20 Notice: Notice (8): Undefined index: HourCategory in [/var/www/sites/hours.library.ualberta.ca/docroot/hours_admin/app/views/hour_groupings/edit.ctp, line 7]
2014-07-21 14:13:20 Notice: Notice (8): Undefined index: HourCategory in [/var/www/sites/hours.library.ualberta.ca/docroot/hours_admin/app/views/hour_groupings/edit.ctp, line 7]
2014-07-21 14:13:20 Notice: Notice (8): Undefined index: HourType in [/var/www/sites/hours.library.ualberta.ca/docroot/hours_admin/app/views/hour_groupings/edit.ctp, line 7]
2014-07-21 14:13:20 Notice: Notice (8): Undefined index: HourType in [/var/www/sites/hours.library.ualberta.ca/docroot/hours_admin/app/views/hour_groupings/edit.ctp, line 7]
2014-07-21 14:13:20 Notice: Notice (8): Undefined index: HourGrouping in [/var/www/sites/hours.library.ualberta.ca/docroot/hours_admin/app/views/hour_groupings/edit.ctp, line 16]
2014-07-21 14:13:20 Notice: Notice (8): Undefined index: HourGrouping in [/var/www/sites/hours.library.ualberta.ca/docroot/hours_admin/app/views/hour_groupings/edit.ctp, line 16]
2014-07-21 14:13:20 Notice: Notice (8): Undefined index: HourDateRange in [/var/www/sites/hours.library.ualberta.ca/docroot/hours_admin/app/views/hour_groupings/edit.ctp, line 16]
2014-07-21 14:13:20 Notice: Notice (8): Undefined index: HourDateRange in [/var/www/sites/hours.library.ualberta.ca/docroot/hours_admin/app/views/hour_groupings/edit.ctp, line 16]
2014-07-21 14:13:20 Notice: Notice (8): Undefined index: HourLocation in [/var/www/sites/hours.library.ualberta.ca/docroot/hours_admin/app/views/hour_groupings/edit.ctp, line 16]
2014-07-21 14:13:20 Notice: Notice (8): Undefined index: HourLocation in [/var/www/sites/hours.library.ualberta.ca/docroot/hours_admin/app/views/hour_groupings/edit.ctp, line 16]
2014-07-21 14:13:20 Notice: Notice (8): Undefined index: HourGrouping in [/var/www/sites/hours.library.ualberta.ca/docroot/hours_admin/app/views/hour_groupings/edit.ctp, line 31]
2014-07-21 14:13:20 Notice: Notice (8): Undefined index: HourGrouping in [/var/www/sites/hours.library.ualberta.ca/docroot/hours_admin/app/views/hour_groupings/edit.ctp, line 31]
2014-07-21 14:13:20 Notice: Notice (8): Undefined index: HourGrouping in [/var/www/sites/hours.library.ualberta.ca/docroot/hours_admin/app/views/hour_groupings/edit.ctp, line 35]
2014-07-21 14:13:20 Notice: Notice (8): Undefined index: HourGrouping in [/var/www/sites/hours.library.ualberta.ca/docroot/hours_admin/app/views/hour_groupings/edit.ctp, line 35]
2014-07-21 14:13:20 Notice: Notice (8): Undefined index: HourGrouping in [/var/www/sites/hours.library.ualberta.ca/docroot/hours_admin/app/views/hour_groupings/edit.ctp, line 39]
2014-07-21 14:13:20 Notice: Notice (8): Undefined index: HourGrouping in [/var/www/sites/hours.library.ualberta.ca/docroot/hours_admin/app/views/hour_groupings/edit.ctp, line 39]
2014-07-21 14:13:20 Notice: Notice (8): Undefined index: HourGrouping in [/var/www/sites/hours.library.ualberta.ca/docroot/hours_admin/app/views/hour_groupings/edit.ctp, line 41]
2014-07-21 14:13:20 Notice: Notice (8): Undefined index: HourGrouping in [/var/www/sites/hours.library.ualberta.ca/docroot/hours_admin/app/views/hour_groupings/edit.ctp, line 41]
2014-07-21 14:13:20 Notice: Notice (8): Undefined index: HourGrouping in [/var/www/sites/hours.library.ualberta.ca/docroot/hours_admin/app/views/hour_groupings/edit.ctp, line 42]
2014-07-21 14:13:20 Notice: Notice (8): Undefined index: HourGrouping in [/var/www/sites/hours.library.ualberta.ca/docroot/hours_admin/app/views/hour_groupings/edit.ctp, line 42]
2014-07-21 14:13:20 Notice: Notice (8): Undefined index: HourDateRange in [/var/www/sites/hours.library.ualberta.ca/docroot/hours_admin/app/views/hour_groupings/edit.ctp, line 44]
2014-07-21 14:13:20 Notice: Notice (8): Undefined index: HourDateRange in [/var/www/sites/hours.library.ualberta.ca/docroot/hours_admin/app/views/hour_groupings/edit.ctp, line 44]
2014-07-21 14:13:20 Notice: Notice (8): Undefined index: HourCategory in [/var/www/sites/hours.library.ualberta.ca/docroot/hours_admin/app/views/hour_groupings/edit.ctp, line 45]
2014-07-21 14:13:20 Notice: Notice (8): Undefined index: HourCategory in [/var/www/sites/hours.library.ualberta.ca/docroot/hours_admin/app/views/hour_groupings/edit.ctp, line 45]
2014-07-21 14:15:37 Notice: Notice (8): Undefined variable: hourdays in [/var/www/sites/hours.library.ualberta.ca/docroot/hours_admin/app/controllers/hour_groupings_controller.php, line 232]
2014-07-21 14:15:37 Notice: Notice (8): Undefined variable: hourdays in [/var/www/sites/hours.library.ualberta.ca/docroot/hours_admin/app/controllers/hour_groupings_controller.php, line 247]
2014-07-21 14:15:37 Notice: Notice (8): Undefined index: HourLocation in [/var/www/sites/hours.library.ualberta.ca/docroot/hours_admin/app/views/hour_groupings/edit.ctp, line 7]
2014-07-21 14:15:37 Notice: Notice (8): Undefined index: HourCategory in [/var/www/sites/hours.library.ualberta.ca/docroot/hours_admin/app/views/hour_groupings/edit.ctp, line 7]
2014-07-21 14:15:37 Notice: Notice (8): Undefined index: HourType in [/var/www/sites/hours.library.ualberta.ca/docroot/hours_admin/app/views/hour_groupings/edit.ctp, line 7]
2014-07-21 14:15:37 Notice: Notice (8): Undefined index: HourGrouping in [/var/www/sites/hours.library.ualberta.ca/docroot/hours_admin/app/views/hour_groupings/edit.ctp, line 16]
2014-07-21 14:15:37 Notice: Notice (8): Undefined index: HourDateRange in [/var/www/sites/hours.library.ualberta.ca/docroot/hours_admin/app/views/hour_groupings/edit.ctp, line 16]
2014-07-21 14:15:37 Notice: Notice (8): Undefined index: HourLocation in [/var/www/sites/hours.library.ualberta.ca/docroot/hours_admin/app/views/hour_groupings/edit.ctp, line 16]
2014-07-21 14:15:37 Notice: Notice (8): Undefined index: HourGrouping in [/var/www/sites/hours.library.ualberta.ca/docroot/hours_admin/app/views/hour_groupings/edit.ctp, line 31]
2014-07-21 14:15:37 Notice: Notice (8): Undefined index: HourGrouping in [/var/www/sites/hours.library.ualberta.ca/docroot/hours_admin/app/views/hour_groupings/edit.ctp, line 35]
2014-07-21 14:15:37 Notice: Notice (8): Undefined index: HourGrouping in [/var/www/sites/hours.library.ualberta.ca/docroot/hours_admin/app/views/hour_groupings/edit.ctp, line 39]
2014-07-21 14:15:37 Notice: Notice (8): Undefined index: HourGrouping in [/var/www/sites/hours.library.ualberta.ca/docroot/hours_admin/app/views/hour_groupings/edit.ctp, line 41]
2014-07-21 14:15:37 Notice: Notice (8): Undefined index: HourGrouping in [/var/www/sites/hours.library.ualberta.ca/docroot/hours_admin/app/views/hour_groupings/edit.ctp, line 42]
2014-07-21 14:15:37 Notice: Notice (8): Undefined index: HourDateRange in [/var/www/sites/hours.library.ualberta.ca/docroot/hours_admin/app/views/hour_groupings/edit.ctp, line 44]
2014-07-21 14:15:37 Notice: Notice (8): Undefined index: HourCategory in [/var/www/sites/hours.library.ualberta.ca/docroot/hours_admin/app/views/hour_groupings/edit.ctp, line 45]
2014-07-21 14:15:37 Notice: Notice (8): Undefined variable: hourdays in [/var/www/sites/hours.library.ualberta.ca/docroot/hours_admin/app/controllers/hour_groupings_controller.php, line 232]
2014-07-21 14:15:37 Notice: Notice (8): Undefined variable: hourdays in [/var/www/sites/hours.library.ualberta.ca/docroot/hours_admin/app/controllers/hour_groupings_controller.php, line 247]
2014-07-21 14:15:37 Notice: Notice (8): Undefined index: HourLocation in [/var/www/sites/hours.library.ualberta.ca/docroot/hours_admin/app/views/hour_groupings/edit.ctp, line 7]
2014-07-21 14:15:37 Notice: Notice (8): Undefined index: HourCategory in [/var/www/sites/hours.library.ualberta.ca/docroot/hours_admin/app/views/hour_groupings/edit.ctp, line 7]
2014-07-21 14:15:37 Notice: Notice (8): Undefined index: HourType in [/var/www/sites/hours.library.ualberta.ca/docroot/hours_admin/app/views/hour_groupings/edit.ctp, line 7]
2014-07-21 14:15:37 Notice: Notice (8): Undefined index: HourGrouping in [/var/www/sites/hours.library.ualberta.ca/docroot/hours_admin/app/views/hour_groupings/edit.ctp, line 16]
2014-07-21 14:15:37 Notice: Notice (8): Undefined index: HourDateRange in [/var/www/sites/hours.library.ualberta.ca/docroot/hours_admin/app/views/hour_groupings/edit.ctp, line 16]
2014-07-21 14:15:37 Notice: Notice (8): Undefined index: HourLocation in [/var/www/sites/hours.library.ualberta.ca/docroot/hours_admin/app/views/hour_groupings/edit.ctp, line 16]
2014-07-21 14:15:37 Notice: Notice (8): Undefined index: HourGrouping in [/var/www/sites/hours.library.ualberta.ca/docroot/hours_admin/app/views/hour_groupings/edit.ctp, line 31]
2014-07-21 14:15:37 Notice: Notice (8): Undefined index: HourGrouping in [/var/www/sites/hours.library.ualberta.ca/docroot/hours_admin/app/views/hour_groupings/edit.ctp, line 35]
2014-07-21 14:15:37 Notice: Notice (8): Undefined index: HourGrouping in [/var/www/sites/hours.library.ualberta.ca/docroot/hours_admin/app/views/hour_groupings/edit.ctp, line 39]
2014-07-21 14:15:37 Notice: Notice (8): Undefined index: HourGrouping in [/var/www/sites/hours.library.ualberta.ca/docroot/hours_admin/app/views/hour_groupings/edit.ctp, line 41]
2014-07-21 14:15:37 Notice: Notice (8): Undefined index: HourGrouping in [/var/www/sites/hours.library.ualberta.ca/docroot/hours_admin/app/views/hour_groupings/edit.ctp, line 42]
2014-07-21 14:15:37 Notice: Notice (8): Undefined index: HourDateRange in [/var/www/sites/hours.library.ualberta.ca/docroot/hours_admin/app/views/hour_groupings/edit.ctp, line 44]
2014-07-21 14:15:37 Notice: Notice (8): Undefined index: HourCategory in [/var/www/sites/hours.library.ualberta.ca/docroot/hours_admin/app/views/hour_groupings/edit.ctp, line 45]
2014-07-21 14:15:41 Notice: Notice (8): Undefined variable: reference_hours in [/var/www/sites/hours.library.ualberta.ca/docroot/hours_admin/app/views/layouts/default.ctp, line 66]
2014-07-21 14:15:41 Notice: Notice (8): Undefined variable: reference_hours in [/var/www/sites/hours.library.ualberta.ca/docroot/hours_admin/app/views/layouts/default.ctp, line 66]
