2014-07-21 14:09:16 Warning: Warning (2): fopen(/var/www/sites/hours.library.ualberta.ca/docroot/hours_admin/app/tmp/cache/models/cake_model_default_hours_locations_list) [http://php.net/function.fopen]: failed to open stream: Permission denied in [/var/www/sites/hours.library.ualberta.ca/cakephp-1.3.17/cake/libs/cache/file.php, line 142]
2014-07-21 14:09:16 Warning: Warning (2): fopen(/var/www/sites/hours.library.ualberta.ca/docroot/hours_admin/app/tmp/cache/models/cake_model_default_hour_groupings) [http://php.net/function.fopen]: failed to open stream: Permission denied in [/var/www/sites/hours.library.ualberta.ca/cakephp-1.3.17/cake/libs/cache/file.php, line 142]
2014-07-21 14:09:16 Warning: Warning (2): fopen(/var/www/sites/hours.library.ualberta.ca/docroot/hours_admin/app/tmp/cache/models/cake_model_default_hour_date_ranges) [http://php.net/function.fopen]: failed to open stream: Permission denied in [/var/www/sites/hours.library.ualberta.ca/cakephp-1.3.17/cake/libs/cache/file.php, line 142]
2014-07-21 14:09:16 Warning: Warning (2): fopen(/var/www/sites/hours.library.ualberta.ca/docroot/hours_admin/app/tmp/cache/models/cake_model_default_hour_categories) [http://php.net/function.fopen]: failed to open stream: Permission denied in [/var/www/sites/hours.library.ualberta.ca/cakephp-1.3.17/cake/libs/cache/file.php, line 142]
2014-07-21 14:09:16 Warning: Warning (2): fopen(/var/www/sites/hours.library.ualberta.ca/docroot/hours_admin/app/tmp/cache/models/cake_model_default_hour_locations) [http://php.net/function.fopen]: failed to open stream: Permission denied in [/var/www/sites/hours.library.ualberta.ca/cakephp-1.3.17/cake/libs/cache/file.php, line 142]
2014-07-21 14:09:16 Warning: Warning (2): fopen(/var/www/sites/hours.library.ualberta.ca/docroot/hours_admin/app/tmp/cache/models/cake_model_default_divisions) [http://php.net/function.fopen]: failed to open stream: Permission denied in [/var/www/sites/hours.library.ualberta.ca/cakephp-1.3.17/cake/libs/cache/file.php, line 142]
2014-07-21 14:09:16 Warning: Warning (2): fopen(/var/www/sites/hours.library.ualberta.ca/docroot/hours_admin/app/tmp/cache/models/cake_model_default_locations) [http://php.net/function.fopen]: failed to open stream: Permission denied in [/var/www/sites/hours.library.ualberta.ca/cakephp-1.3.17/cake/libs/cache/file.php, line 142]
2014-07-21 14:09:16 Warning: Warning (2): fopen(/var/www/sites/hours.library.ualberta.ca/docroot/hours_admin/app/tmp/cache/models/cake_model_default_hour_types) [http://php.net/function.fopen]: failed to open stream: Permission denied in [/var/www/sites/hours.library.ualberta.ca/cakephp-1.3.17/cake/libs/cache/file.php, line 142]
2014-07-21 14:09:16 Warning: Warning (2): fopen(/var/www/sites/hours.library.ualberta.ca/docroot/hours_admin/app/tmp/cache/models/cake_model_default_hour_days) [http://php.net/function.fopen]: failed to open stream: Permission denied in [/var/www/sites/hours.library.ualberta.ca/cakephp-1.3.17/cake/libs/cache/file.php, line 142]
2014-07-21 14:09:16 Warning: Warning (2): fopen(/var/www/sites/hours.library.ualberta.ca/docroot/hours_admin/app/tmp/cache/persistent/cake_core_default_en-us) [http://php.net/function.fopen]: failed to open stream: Permission denied in [/var/www/sites/hours.library.ualberta.ca/cakephp-1.3.17/cake/libs/cache/file.php, line 142]
2014-07-21 14:09:16 Warning: Warning (2): fopen(/var/www/sites/hours.library.ualberta.ca/docroot/hours_admin/app/tmp/cache/persistent/cake_core_dir_map) [http://php.net/function.fopen]: failed to open stream: Permission denied in [/var/www/sites/hours.library.ualberta.ca/cakephp-1.3.17/cake/libs/cache/file.php, line 142]
2014-07-21 14:09:16 Warning: Warning (2): fopen(/var/www/sites/hours.library.ualberta.ca/docroot/hours_admin/app/tmp/cache/persistent/cake_core_file_map) [http://php.net/function.fopen]: failed to open stream: Permission denied in [/var/www/sites/hours.library.ualberta.ca/cakephp-1.3.17/cake/libs/cache/file.php, line 142]
2014-07-21 14:09:16 Warning: Warning (2): fopen(/var/www/sites/hours.library.ualberta.ca/docroot/hours_admin/app/tmp/cache/persistent/cake_core_object_map) [http://php.net/function.fopen]: failed to open stream: Permission denied in [/var/www/sites/hours.library.ualberta.ca/cakephp-1.3.17/cake/libs/cache/file.php, line 142]
2014-07-21 14:09:16 Warning: Warning (2): fopen(/var/www/sites/hours.library.ualberta.ca/docroot/hours_admin/app/tmp/cache/persistent/cake_core_default_en-us) [http://php.net/function.fopen]: failed to open stream: Permission denied in [/var/www/sites/hours.library.ualberta.ca/cakephp-1.3.17/cake/libs/cache/file.php, line 142]
2014-07-21 14:09:16 Warning: Warning (2): fopen(/var/www/sites/hours.library.ualberta.ca/docroot/hours_admin/app/tmp/cache/persistent/cake_core_default_en-us) [http://php.net/function.fopen]: failed to open stream: Permission denied in [/var/www/sites/hours.library.ualberta.ca/cakephp-1.3.17/cake/libs/cache/file.php, line 142]
2014-07-21 14:09:16 Warning: Warning (2): fopen(/var/www/sites/hours.library.ualberta.ca/docroot/hours_admin/app/tmp/cache/persistent/cake_core_dir_map) [http://php.net/function.fopen]: failed to open stream: Permission denied in [/var/www/sites/hours.library.ualberta.ca/cakephp-1.3.17/cake/libs/cache/file.php, line 142]
2014-07-21 14:09:16 Warning: Warning (2): fopen(/var/www/sites/hours.library.ualberta.ca/docroot/hours_admin/app/tmp/cache/persistent/cake_core_dir_map) [http://php.net/function.fopen]: failed to open stream: Permission denied in [/var/www/sites/hours.library.ualberta.ca/cakephp-1.3.17/cake/libs/cache/file.php, line 142]
2014-07-21 14:09:16 Warning: Warning (2): fopen(/var/www/sites/hours.library.ualberta.ca/docroot/hours_admin/app/tmp/cache/persistent/cake_core_file_map) [http://php.net/function.fopen]: failed to open stream: Permission denied in [/var/www/sites/hours.library.ualberta.ca/cakephp-1.3.17/cake/libs/cache/file.php, line 142]
2014-07-21 14:09:16 Warning: Warning (2): fopen(/var/www/sites/hours.library.ualberta.ca/docroot/hours_admin/app/tmp/cache/persistent/cake_core_file_map) [http://php.net/function.fopen]: failed to open stream: Permission denied in [/var/www/sites/hours.library.ualberta.ca/cakephp-1.3.17/cake/libs/cache/file.php, line 142]
2014-07-21 14:09:16 Warning: Warning (2): fopen(/var/www/sites/hours.library.ualberta.ca/docroot/hours_admin/app/tmp/cache/persistent/cake_core_object_map) [http://php.net/function.fopen]: failed to open stream: Permission denied in [/var/www/sites/hours.library.ualberta.ca/cakephp-1.3.17/cake/libs/cache/file.php, line 142]
2014-07-21 14:09:16 Warning: Warning (2): fopen(/var/www/sites/hours.library.ualberta.ca/docroot/hours_admin/app/tmp/cache/persistent/cake_core_object_map) [http://php.net/function.fopen]: failed to open stream: Permission denied in [/var/www/sites/hours.library.ualberta.ca/cakephp-1.3.17/cake/libs/cache/file.php, line 142]
2014-07-21 14:10:42 Warning: Warning (2): fopen(/var/www/sites/hours.library.ualberta.ca/docroot/hours_admin/app/tmp/cache/models/cake_model_default_hours_locations_list) [http://php.net/function.fopen]: failed to open stream: Permission denied in [/var/www/sites/hours.library.ualberta.ca/cakephp-1.3.17/cake/libs/cache/file.php, line 142]
2014-07-21 14:10:42 Warning: Warning (2): fopen(/var/www/sites/hours.library.ualberta.ca/docroot/hours_admin/app/tmp/cache/models/cake_model_default_hour_groupings) [http://php.net/function.fopen]: failed to open stream: Permission denied in [/var/www/sites/hours.library.ualberta.ca/cakephp-1.3.17/cake/libs/cache/file.php, line 142]
2014-07-21 14:10:42 Warning: Warning (2): fopen(/var/www/sites/hours.library.ualberta.ca/docroot/hours_admin/app/tmp/cache/models/cake_model_default_hour_date_ranges) [http://php.net/function.fopen]: failed to open stream: Permission denied in [/var/www/sites/hours.library.ualberta.ca/cakephp-1.3.17/cake/libs/cache/file.php, line 142]
2014-07-21 14:10:42 Warning: Warning (2): fopen(/var/www/sites/hours.library.ualberta.ca/docroot/hours_admin/app/tmp/cache/models/cake_model_default_hour_categories) [http://php.net/function.fopen]: failed to open stream: Permission denied in [/var/www/sites/hours.library.ualberta.ca/cakephp-1.3.17/cake/libs/cache/file.php, line 142]
2014-07-21 14:10:42 Warning: Warning (2): fopen(/var/www/sites/hours.library.ualberta.ca/docroot/hours_admin/app/tmp/cache/models/cake_model_default_hour_locations) [http://php.net/function.fopen]: failed to open stream: Permission denied in [/var/www/sites/hours.library.ualberta.ca/cakephp-1.3.17/cake/libs/cache/file.php, line 142]
2014-07-21 14:10:42 Warning: Warning (2): fopen(/var/www/sites/hours.library.ualberta.ca/docroot/hours_admin/app/tmp/cache/models/cake_model_default_divisions) [http://php.net/function.fopen]: failed to open stream: Permission denied in [/var/www/sites/hours.library.ualberta.ca/cakephp-1.3.17/cake/libs/cache/file.php, line 142]
2014-07-21 14:10:42 Warning: Warning (2): fopen(/var/www/sites/hours.library.ualberta.ca/docroot/hours_admin/app/tmp/cache/models/cake_model_default_locations) [http://php.net/function.fopen]: failed to open stream: Permission denied in [/var/www/sites/hours.library.ualberta.ca/cakephp-1.3.17/cake/libs/cache/file.php, line 142]
2014-07-21 14:10:42 Warning: Warning (2): fopen(/var/www/sites/hours.library.ualberta.ca/docroot/hours_admin/app/tmp/cache/models/cake_model_default_hour_types) [http://php.net/function.fopen]: failed to open stream: Permission denied in [/var/www/sites/hours.library.ualberta.ca/cakephp-1.3.17/cake/libs/cache/file.php, line 142]
2014-07-21 14:10:42 Warning: Warning (2): fopen(/var/www/sites/hours.library.ualberta.ca/docroot/hours_admin/app/tmp/cache/models/cake_model_default_hour_days) [http://php.net/function.fopen]: failed to open stream: Permission denied in [/var/www/sites/hours.library.ualberta.ca/cakephp-1.3.17/cake/libs/cache/file.php, line 142]
2014-07-21 14:10:42 Warning: Warning (2): fopen(/var/www/sites/hours.library.ualberta.ca/docroot/hours_admin/app/tmp/cache/persistent/cake_core_default_en-us) [http://php.net/function.fopen]: failed to open stream: Permission denied in [/var/www/sites/hours.library.ualberta.ca/cakephp-1.3.17/cake/libs/cache/file.php, line 142]
2014-07-21 14:10:42 Warning: Warning (2): fopen(/var/www/sites/hours.library.ualberta.ca/docroot/hours_admin/app/tmp/cache/persistent/cake_core_dir_map) [http://php.net/function.fopen]: failed to open stream: Permission denied in [/var/www/sites/hours.library.ualberta.ca/cakephp-1.3.17/cake/libs/cache/file.php, line 142]
2014-07-21 14:10:42 Warning: Warning (2): fopen(/var/www/sites/hours.library.ualberta.ca/docroot/hours_admin/app/tmp/cache/persistent/cake_core_file_map) [http://php.net/function.fopen]: failed to open stream: Permission denied in [/var/www/sites/hours.library.ualberta.ca/cakephp-1.3.17/cake/libs/cache/file.php, line 142]
2014-07-21 14:10:42 Warning: Warning (2): fopen(/var/www/sites/hours.library.ualberta.ca/docroot/hours_admin/app/tmp/cache/persistent/cake_core_object_map) [http://php.net/function.fopen]: failed to open stream: Permission denied in [/var/www/sites/hours.library.ualberta.ca/cakephp-1.3.17/cake/libs/cache/file.php, line 142]
2014-07-21 14:10:43 Warning: Warning (2): fopen(/var/www/sites/hours.library.ualberta.ca/docroot/hours_admin/app/tmp/cache/models/cake_model_default_hours_locations_list) [http://php.net/function.fopen]: failed to open stream: Permission denied in [/var/www/sites/hours.library.ualberta.ca/cakephp-1.3.17/cake/libs/cache/file.php, line 142]
2014-07-21 14:10:43 Warning: Warning (2): fopen(/var/www/sites/hours.library.ualberta.ca/docroot/hours_admin/app/tmp/cache/models/cake_model_default_hour_groupings) [http://php.net/function.fopen]: failed to open stream: Permission denied in [/var/www/sites/hours.library.ualberta.ca/cakephp-1.3.17/cake/libs/cache/file.php, line 142]
2014-07-21 14:10:43 Warning: Warning (2): fopen(/var/www/sites/hours.library.ualberta.ca/docroot/hours_admin/app/tmp/cache/models/cake_model_default_hours_locations_list) [http://php.net/function.fopen]: failed to open stream: Permission denied in [/var/www/sites/hours.library.ualberta.ca/cakephp-1.3.17/cake/libs/cache/file.php, line 142]
2014-07-21 14:10:43 Warning: Warning (2): fopen(/var/www/sites/hours.library.ualberta.ca/docroot/hours_admin/app/tmp/cache/models/cake_model_default_hour_groupings) [http://php.net/function.fopen]: failed to open stream: Permission denied in [/var/www/sites/hours.library.ualberta.ca/cakephp-1.3.17/cake/libs/cache/file.php, line 142]
2014-07-21 14:10:43 Warning: Warning (2): fopen(/var/www/sites/hours.library.ualberta.ca/docroot/hours_admin/app/tmp/cache/models/cake_model_default_hour_date_ranges) [http://php.net/function.fopen]: failed to open stream: Permission denied in [/var/www/sites/hours.library.ualberta.ca/cakephp-1.3.17/cake/libs/cache/file.php, line 142]
2014-07-21 14:10:43 Warning: Warning (2): fopen(/var/www/sites/hours.library.ualberta.ca/docroot/hours_admin/app/tmp/cache/models/cake_model_default_hour_date_ranges) [http://php.net/function.fopen]: failed to open stream: Permission denied in [/var/www/sites/hours.library.ualberta.ca/cakephp-1.3.17/cake/libs/cache/file.php, line 142]
2014-07-21 14:10:43 Warning: Warning (2): fopen(/var/www/sites/hours.library.ualberta.ca/docroot/hours_admin/app/tmp/cache/models/cake_model_default_hour_categories) [http://php.net/function.fopen]: failed to open stream: Permission denied in [/var/www/sites/hours.library.ualberta.ca/cakephp-1.3.17/cake/libs/cache/file.php, line 142]
2014-07-21 14:10:43 Warning: Warning (2): fopen(/var/www/sites/hours.library.ualberta.ca/docroot/hours_admin/app/tmp/cache/models/cake_model_default_hour_categories) [http://php.net/function.fopen]: failed to open stream: Permission denied in [/var/www/sites/hours.library.ualberta.ca/cakephp-1.3.17/cake/libs/cache/file.php, line 142]
2014-07-21 14:10:43 Warning: Warning (2): fopen(/var/www/sites/hours.library.ualberta.ca/docroot/hours_admin/app/tmp/cache/models/cake_model_default_hour_locations) [http://php.net/function.fopen]: failed to open stream: Permission denied in [/var/www/sites/hours.library.ualberta.ca/cakephp-1.3.17/cake/libs/cache/file.php, line 142]
2014-07-21 14:10:43 Warning: Warning (2): fopen(/var/www/sites/hours.library.ualberta.ca/docroot/hours_admin/app/tmp/cache/models/cake_model_default_hour_locations) [http://php.net/function.fopen]: failed to open stream: Permission denied in [/var/www/sites/hours.library.ualberta.ca/cakephp-1.3.17/cake/libs/cache/file.php, line 142]
2014-07-21 14:10:43 Warning: Warning (2): fopen(/var/www/sites/hours.library.ualberta.ca/docroot/hours_admin/app/tmp/cache/models/cake_model_default_divisions) [http://php.net/function.fopen]: failed to open stream: Permission denied in [/var/www/sites/hours.library.ualberta.ca/cakephp-1.3.17/cake/libs/cache/file.php, line 142]
2014-07-21 14:10:43 Warning: Warning (2): fopen(/var/www/sites/hours.library.ualberta.ca/docroot/hours_admin/app/tmp/cache/models/cake_model_default_divisions) [http://php.net/function.fopen]: failed to open stream: Permission denied in [/var/www/sites/hours.library.ualberta.ca/cakephp-1.3.17/cake/libs/cache/file.php, line 142]
2014-07-21 14:10:43 Warning: Warning (2): fopen(/var/www/sites/hours.library.ualberta.ca/docroot/hours_admin/app/tmp/cache/models/cake_model_default_locations) [http://php.net/function.fopen]: failed to open stream: Permission denied in [/var/www/sites/hours.library.ualberta.ca/cakephp-1.3.17/cake/libs/cache/file.php, line 142]
2014-07-21 14:10:43 Warning: Warning (2): fopen(/var/www/sites/hours.library.ualberta.ca/docroot/hours_admin/app/tmp/cache/models/cake_model_default_locations) [http://php.net/function.fopen]: failed to open stream: Permission denied in [/var/www/sites/hours.library.ualberta.ca/cakephp-1.3.17/cake/libs/cache/file.php, line 142]
2014-07-21 14:10:43 Warning: Warning (2): fopen(/var/www/sites/hours.library.ualberta.ca/docroot/hours_admin/app/tmp/cache/models/cake_model_default_hour_types) [http://php.net/function.fopen]: failed to open stream: Permission denied in [/var/www/sites/hours.library.ualberta.ca/cakephp-1.3.17/cake/libs/cache/file.php, line 142]
2014-07-21 14:10:43 Warning: Warning (2): fopen(/var/www/sites/hours.library.ualberta.ca/docroot/hours_admin/app/tmp/cache/models/cake_model_default_hour_types) [http://php.net/function.fopen]: failed to open stream: Permission denied in [/var/www/sites/hours.library.ualberta.ca/cakephp-1.3.17/cake/libs/cache/file.php, line 142]
2014-07-21 14:10:43 Warning: Warning (2): fopen(/var/www/sites/hours.library.ualberta.ca/docroot/hours_admin/app/tmp/cache/models/cake_model_default_hour_days) [http://php.net/function.fopen]: failed to open stream: Permission denied in [/var/www/sites/hours.library.ualberta.ca/cakephp-1.3.17/cake/libs/cache/file.php, line 142]
2014-07-21 14:10:43 Warning: Warning (2): fopen(/var/www/sites/hours.library.ualberta.ca/docroot/hours_admin/app/tmp/cache/models/cake_model_default_hour_days) [http://php.net/function.fopen]: failed to open stream: Permission denied in [/var/www/sites/hours.library.ualberta.ca/cakephp-1.3.17/cake/libs/cache/file.php, line 142]
2014-07-21 14:10:43 Warning: Warning (2): array_key_exists() expects parameter 2 to be array, null given in [/var/www/sites/hours.library.ualberta.ca/docroot/hours_admin/app/controllers/hour_groupings_controller.php, line 224]
2014-07-21 14:10:43 Warning: Warning (2): Invalid argument supplied for foreach() in [/var/www/sites/hours.library.ualberta.ca/docroot/hours_admin/app/controllers/hour_groupings_controller.php, line 232]
2014-07-21 14:10:43 Warning: Warning (2): array_key_exists() expects parameter 2 to be array, null given in [/var/www/sites/hours.library.ualberta.ca/docroot/hours_admin/app/controllers/hour_groupings_controller.php, line 224]
2014-07-21 14:10:43 Warning: Warning (2): Invalid argument supplied for foreach() in [/var/www/sites/hours.library.ualberta.ca/docroot/hours_admin/app/controllers/hour_groupings_controller.php, line 232]
2014-07-21 14:10:43 Warning: Warning (2): fopen(/var/www/sites/hours.library.ualberta.ca/docroot/hours_admin/app/tmp/cache/persistent/cake_core_default_en-us) [http://php.net/function.fopen]: failed to open stream: Permission denied in [/var/www/sites/hours.library.ualberta.ca/cakephp-1.3.17/cake/libs/cache/file.php, line 142]
2014-07-21 14:10:43 Warning: Warning (2): fopen(/var/www/sites/hours.library.ualberta.ca/docroot/hours_admin/app/tmp/cache/persistent/cake_core_default_en-us) [http://php.net/function.fopen]: failed to open stream: Permission denied in [/var/www/sites/hours.library.ualberta.ca/cakephp-1.3.17/cake/libs/cache/file.php, line 142]
2014-07-21 14:10:43 Warning: Warning (2): fopen(/var/www/sites/hours.library.ualberta.ca/docroot/hours_admin/app/tmp/cache/persistent/cake_core_dir_map) [http://php.net/function.fopen]: failed to open stream: Permission denied in [/var/www/sites/hours.library.ualberta.ca/cakephp-1.3.17/cake/libs/cache/file.php, line 142]
2014-07-21 14:10:43 Warning: Warning (2): fopen(/var/www/sites/hours.library.ualberta.ca/docroot/hours_admin/app/tmp/cache/persistent/cake_core_file_map) [http://php.net/function.fopen]: failed to open stream: Permission denied in [/var/www/sites/hours.library.ualberta.ca/cakephp-1.3.17/cake/libs/cache/file.php, line 142]
2014-07-21 14:10:43 Warning: Warning (2): fopen(/var/www/sites/hours.library.ualberta.ca/docroot/hours_admin/app/tmp/cache/persistent/cake_core_object_map) [http://php.net/function.fopen]: failed to open stream: Permission denied in [/var/www/sites/hours.library.ualberta.ca/cakephp-1.3.17/cake/libs/cache/file.php, line 142]
2014-07-21 14:10:43 Warning: Warning (2): fopen(/var/www/sites/hours.library.ualberta.ca/docroot/hours_admin/app/tmp/cache/persistent/cake_core_dir_map) [http://php.net/function.fopen]: failed to open stream: Permission denied in [/var/www/sites/hours.library.ualberta.ca/cakephp-1.3.17/cake/libs/cache/file.php, line 142]
2014-07-21 14:10:43 Warning: Warning (2): fopen(/var/www/sites/hours.library.ualberta.ca/docroot/hours_admin/app/tmp/cache/persistent/cake_core_file_map) [http://php.net/function.fopen]: failed to open stream: Permission denied in [/var/www/sites/hours.library.ualberta.ca/cakephp-1.3.17/cake/libs/cache/file.php, line 142]
2014-07-21 14:10:43 Warning: Warning (2): fopen(/var/www/sites/hours.library.ualberta.ca/docroot/hours_admin/app/tmp/cache/persistent/cake_core_object_map) [http://php.net/function.fopen]: failed to open stream: Permission denied in [/var/www/sites/hours.library.ualberta.ca/cakephp-1.3.17/cake/libs/cache/file.php, line 142]
2014-07-21 14:12:39 Warning: Warning (2): fopen(/var/www/sites/hours.library.ualberta.ca/docroot/hours_admin/app/tmp/cache/persistent/cake_core_default_en-us) [http://php.net/function.fopen]: failed to open stream: Permission denied in [/var/www/sites/hours.library.ualberta.ca/cakephp-1.3.17/cake/libs/cache/file.php, line 142]
2014-07-21 14:12:39 Warning: Warning (2): fopen(/var/www/sites/hours.library.ualberta.ca/docroot/hours_admin/app/tmp/cache/persistent/cake_core_dir_map) [http://php.net/function.fopen]: failed to open stream: Permission denied in [/var/www/sites/hours.library.ualberta.ca/cakephp-1.3.17/cake/libs/cache/file.php, line 142]
2014-07-21 14:12:39 Warning: Warning (2): fopen(/var/www/sites/hours.library.ualberta.ca/docroot/hours_admin/app/tmp/cache/persistent/cake_core_file_map) [http://php.net/function.fopen]: failed to open stream: Permission denied in [/var/www/sites/hours.library.ualberta.ca/cakephp-1.3.17/cake/libs/cache/file.php, line 142]
2014-07-21 14:12:39 Warning: Warning (2): fopen(/var/www/sites/hours.library.ualberta.ca/docroot/hours_admin/app/tmp/cache/persistent/cake_core_object_map) [http://php.net/function.fopen]: failed to open stream: Permission denied in [/var/www/sites/hours.library.ualberta.ca/cakephp-1.3.17/cake/libs/cache/file.php, line 142]
2014-07-21 14:12:39 Warning: Warning (2): array_key_exists() expects parameter 2 to be array, null given in [/var/www/sites/hours.library.ualberta.ca/docroot/hours_admin/app/controllers/hour_groupings_controller.php, line 224]
2014-07-21 14:12:39 Warning: Warning (2): Invalid argument supplied for foreach() in [/var/www/sites/hours.library.ualberta.ca/docroot/hours_admin/app/controllers/hour_groupings_controller.php, line 232]
2014-07-21 14:12:39 Warning: Warning (2): fopen(/var/www/sites/hours.library.ualberta.ca/docroot/hours_admin/app/tmp/cache/persistent/cake_core_default_en-us) [http://php.net/function.fopen]: failed to open stream: Permission denied in [/var/www/sites/hours.library.ualberta.ca/cakephp-1.3.17/cake/libs/cache/file.php, line 142]
2014-07-21 14:12:39 Warning: Warning (2): fopen(/var/www/sites/hours.library.ualberta.ca/docroot/hours_admin/app/tmp/cache/persistent/cake_core_dir_map) [http://php.net/function.fopen]: failed to open stream: Permission denied in [/var/www/sites/hours.library.ualberta.ca/cakephp-1.3.17/cake/libs/cache/file.php, line 142]
2014-07-21 14:12:39 Warning: Warning (2): fopen(/var/www/sites/hours.library.ualberta.ca/docroot/hours_admin/app/tmp/cache/persistent/cake_core_file_map) [http://php.net/function.fopen]: failed to open stream: Permission denied in [/var/www/sites/hours.library.ualberta.ca/cakephp-1.3.17/cake/libs/cache/file.php, line 142]
2014-07-21 14:12:39 Warning: Warning (2): fopen(/var/www/sites/hours.library.ualberta.ca/docroot/hours_admin/app/tmp/cache/persistent/cake_core_object_map) [http://php.net/function.fopen]: failed to open stream: Permission denied in [/var/www/sites/hours.library.ualberta.ca/cakephp-1.3.17/cake/libs/cache/file.php, line 142]
2014-07-21 14:12:39 Warning: Warning (2): array_key_exists() expects parameter 2 to be array, null given in [/var/www/sites/hours.library.ualberta.ca/docroot/hours_admin/app/controllers/hour_groupings_controller.php, line 224]
2014-07-21 14:12:39 Warning: Warning (2): Invalid argument supplied for foreach() in [/var/www/sites/hours.library.ualberta.ca/docroot/hours_admin/app/controllers/hour_groupings_controller.php, line 232]
2014-07-21 14:12:39 Warning: Warning (2): fopen(/var/www/sites/hours.library.ualberta.ca/docroot/hours_admin/app/tmp/cache/persistent/cake_core_default_en-us) [http://php.net/function.fopen]: failed to open stream: Permission denied in [/var/www/sites/hours.library.ualberta.ca/cakephp-1.3.17/cake/libs/cache/file.php, line 142]
2014-07-21 14:12:39 Warning: Warning (2): fopen(/var/www/sites/hours.library.ualberta.ca/docroot/hours_admin/app/tmp/cache/persistent/cake_core_dir_map) [http://php.net/function.fopen]: failed to open stream: Permission denied in [/var/www/sites/hours.library.ualberta.ca/cakephp-1.3.17/cake/libs/cache/file.php, line 142]
2014-07-21 14:12:40 Warning: Warning (2): fopen(/var/www/sites/hours.library.ualberta.ca/docroot/hours_admin/app/tmp/cache/persistent/cake_core_file_map) [http://php.net/function.fopen]: failed to open stream: Permission denied in [/var/www/sites/hours.library.ualberta.ca/cakephp-1.3.17/cake/libs/cache/file.php, line 142]
2014-07-21 14:12:40 Warning: Warning (2): fopen(/var/www/sites/hours.library.ualberta.ca/docroot/hours_admin/app/tmp/cache/persistent/cake_core_object_map) [http://php.net/function.fopen]: failed to open stream: Permission denied in [/var/www/sites/hours.library.ualberta.ca/cakephp-1.3.17/cake/libs/cache/file.php, line 142]
2014-07-21 14:13:11 Warning: Warning (2): array_key_exists() expects parameter 2 to be array, null given in [/var/www/sites/hours.library.ualberta.ca/docroot/hours_admin/app/controllers/hour_groupings_controller.php, line 224]
2014-07-21 14:13:11 Warning: Warning (2): Invalid argument supplied for foreach() in [/var/www/sites/hours.library.ualberta.ca/docroot/hours_admin/app/controllers/hour_groupings_controller.php, line 232]
2014-07-21 14:13:11 Warning: Warning (2): array_key_exists() expects parameter 2 to be array, null given in [/var/www/sites/hours.library.ualberta.ca/docroot/hours_admin/app/controllers/hour_groupings_controller.php, line 224]
2014-07-21 14:13:11 Warning: Warning (2): Invalid argument supplied for foreach() in [/var/www/sites/hours.library.ualberta.ca/docroot/hours_admin/app/controllers/hour_groupings_controller.php, line 232]
2014-07-21 14:13:16 Warning: Warning (2): array_key_exists() expects parameter 2 to be array, null given in [/var/www/sites/hours.library.ualberta.ca/docroot/hours_admin/app/controllers/hour_groupings_controller.php, line 224]
2014-07-21 14:13:16 Warning: Warning (2): Invalid argument supplied for foreach() in [/var/www/sites/hours.library.ualberta.ca/docroot/hours_admin/app/controllers/hour_groupings_controller.php, line 232]
2014-07-21 14:13:16 Warning: Warning (2): array_key_exists() expects parameter 2 to be array, null given in [/var/www/sites/hours.library.ualberta.ca/docroot/hours_admin/app/controllers/hour_groupings_controller.php, line 224]
2014-07-21 14:13:16 Warning: Warning (2): Invalid argument supplied for foreach() in [/var/www/sites/hours.library.ualberta.ca/docroot/hours_admin/app/controllers/hour_groupings_controller.php, line 232]
2014-07-21 14:13:20 Warning: Warning (2): fopen(/var/www/sites/hours.library.ualberta.ca/docroot/hours_admin/app/tmp/cache/models/cake_model_default_divisions) [http://php.net/function.fopen]: failed to open stream: No such file or directory in [/var/www/sites/hours.library.ualberta.ca/cakephp-1.3.17/cake/libs/file.php, line 152]
2014-07-21 14:13:20 Warning: Warning (2): array_key_exists() expects parameter 2 to be array, null given in [/var/www/sites/hours.library.ualberta.ca/docroot/hours_admin/app/controllers/hour_groupings_controller.php, line 224]
2014-07-21 14:13:20 Warning: Warning (2): array_key_exists() expects parameter 2 to be array, null given in [/var/www/sites/hours.library.ualberta.ca/docroot/hours_admin/app/controllers/hour_groupings_controller.php, line 224]
2014-07-21 14:13:20 Warning: Warning (2): Invalid argument supplied for foreach() in [/var/www/sites/hours.library.ualberta.ca/docroot/hours_admin/app/controllers/hour_groupings_controller.php, line 232]
2014-07-21 14:13:20 Warning: Warning (2): Invalid argument supplied for foreach() in [/var/www/sites/hours.library.ualberta.ca/docroot/hours_admin/app/controllers/hour_groupings_controller.php, line 232]
2014-07-21 14:13:44 Warning: Warning (2): array_key_exists() expects parameter 2 to be array, null given in [/var/www/sites/hours.library.ualberta.ca/docroot/hours_admin/app/controllers/hour_groupings_controller.php, line 123]
2014-07-21 14:13:44 Warning: Warning (2): Invalid argument supplied for foreach() in [/var/www/sites/hours.library.ualberta.ca/docroot/hours_admin/app/views/hour_groupings/view.ctp, line 25]
2014-07-21 14:13:44 Warning: Warning (2): array_key_exists() expects parameter 2 to be array, null given in [/var/www/sites/hours.library.ualberta.ca/docroot/hours_admin/app/controllers/hour_groupings_controller.php, line 123]
2014-07-21 14:13:44 Warning: Warning (2): Invalid argument supplied for foreach() in [/var/www/sites/hours.library.ualberta.ca/docroot/hours_admin/app/views/hour_groupings/view.ctp, line 25]
2014-07-21 14:15:37 Warning: Warning (2): array_key_exists() expects parameter 2 to be array, null given in [/var/www/sites/hours.library.ualberta.ca/docroot/hours_admin/app/controllers/hour_groupings_controller.php, line 224]
2014-07-21 14:15:37 Warning: Warning (2): Invalid argument supplied for foreach() in [/var/www/sites/hours.library.ualberta.ca/docroot/hours_admin/app/controllers/hour_groupings_controller.php, line 232]
2014-07-21 14:15:37 Warning: Warning (2): array_key_exists() expects parameter 2 to be array, null given in [/var/www/sites/hours.library.ualberta.ca/docroot/hours_admin/app/controllers/hour_groupings_controller.php, line 224]
2014-07-21 14:15:37 Warning: Warning (2): Invalid argument supplied for foreach() in [/var/www/sites/hours.library.ualberta.ca/docroot/hours_admin/app/controllers/hour_groupings_controller.php, line 232]
